{"level":"error","message":{"URL":"/qwe","method":"GET"}}
{"level":"error","message":{"URL":"/qwe","method":"GET"}}
{"level":"error","message":{"URL":"/styles.css","method":"GET"}}
{"level":"error","message":{"URL":"/client.js","method":"GET"}}
{"level":"error","message":{"URL":"/client.js","method":"GET"}}
{"level":"error","message":{"URL":"/styles.css","method":"GET"}}
{"level":"error","message":{"URL":"/styles.css","method":"GET"}}
{"level":"error","message":{"URL":"/client.js","method":"GET"}}
{"level":"error","message":{"URL":"/styles.css","method":"GET"}}
{"level":"error","message":{"URL":"/styles.css","method":"GET"}}
{"level":"error","message":{"URL":"/client.js","method":"GET"}}
{"level":"error","message":{"URL":"/client.js","method":"GET"}}
{"level":"error","message":{"URL":"/styles.css","method":"GET"}}
{"level":"error","message":{"URL":"/api/styles.css","method":"GET"}}
{"level":"error","message":{"URL":"/api/client.js","method":"GET"}}
{"level":"error","message":{"URL":"/api/styles.css","method":"GET"}}
{"level":"error","message":{"URL":"/api/client.js","method":"GET"}}
{"level":"error","message":{"URL":"/api/client.js","method":"GET"}}
{"level":"error","message":{"URL":"/api/styles.css","method":"GET"}}
{"level":"error","message":{"URL":"/api/client.js","method":"GET"}}
{"level":"error","message":{"URL":"/api/styles.css","method":"GET"}}
{"level":"error","message":{"URL":"/client.js","method":"GET"}}
{"level":"error","message":{"URL":"/styles.css","method":"GET"}}
{"level":"error","message":{"URL":"/tt","method":"GET"}}
{"level":"error","message":{"URL":"/hhh","method":"GET"}}
{"level":"error","message":{"URL":"/hhh","method":"GET"}}
