{"level":"warn","message":{"URL":"/qwe","method":"GET"}}
{"level":"warn","message":{"URL":"/hhh","method":"GET"}}
{"level":"warn","message":{"URL":"/styles.css","method":"GET"}}
{"level":"warn","message":{"URL":"/api/styles.css","method":"GET"}}
{"level":"warn","message":{"URL":"/client.js","method":"GET"}}
{"level":"warn","message":{"URL":"/api/client.js","method":"GET"}}
{"level":"warn","message":{"URL":"/styles.css","method":"GET"}}
{"level":"warn","message":{"URL":"/client.js","method":"GET"}}
{"level":"warn","message":{"URL":"/styles.css","method":"GET"}}
{"level":"warn","message":{"URL":"/client.js","method":"GET"}}
{"level":"warn","message":{"URL":"/styles.css","method":"GET"}}
{"level":"warn","message":{"URL":"/client.js","method":"GET"}}
{"level":"warn","message":{"URL":"/styles.css","method":"GET"}}
{"level":"warn","message":{"URL":"/client.js","method":"GET"}}
{"level":"warn","message":{"URL":"/styles.css","method":"GET"}}
{"level":"warn","message":{"URL":"/client.js","method":"GET"}}
{"level":"warn","message":{"URL":"/favicon.ico","method":"GET"}}
{"level":"warn","message":{"URL":"/styles.css","method":"GET"}}
{"level":"warn","message":{"URL":"/client.js","method":"GET"}}
{"level":"warn","message":{"URL":"/styles.css","method":"GET"}}
{"level":"warn","message":{"URL":"/styles.css","method":"GET"}}
{"level":"warn","message":{"URL":"/client.js","method":"GET"}}
{"level":"warn","message":{"URL":"/styles.css","method":"GET"}}
{"level":"warn","message":{"URL":"/client.js","method":"GET"}}
{"level":"warn","message":{"URL":"/styles.css","method":"GET"}}
{"level":"warn","message":{"URL":"/client.js","method":"GET"}}
{"level":"warn","message":{"URL":"/failsignup","method":"GET"}}
{"level":"warn","message":{"URL":"/client.js","method":"GET"}}
{"level":"warn","message":{"URL":"/styles.css","method":"GET"}}
{"level":"warn","message":{"URL":"/failsignup","method":"GET"}}
{"level":"warn","message":{"URL":"/styles.css","method":"GET"}}
{"level":"warn","message":{"URL":"/client.js","method":"GET"}}
{"level":"warn","message":{"URL":"/failsignup","method":"GET"}}
{"level":"warn","message":{"URL":"/styles.css","method":"GET"}}
{"level":"warn","message":{"URL":"/client.js","method":"GET"}}
{"level":"warn","message":{"URL":"/client.js","method":"GET"}}
{"level":"warn","message":{"URL":"/styles.css","method":"GET"}}
{"level":"warn","message":{"URL":"/styles.css","method":"GET"}}
{"level":"warn","message":{"URL":"/client.js","method":"GET"}}
{"level":"warn","message":{"URL":"/styles.css","method":"GET"}}
{"level":"warn","message":{"URL":"/client.js","method":"GET"}}
{"level":"warn","message":{"URL":"/styles.css","method":"GET"}}
{"level":"warn","message":{"URL":"/client.js","method":"GET"}}
{"level":"warn","message":{"URL":"/styles.css","method":"GET"}}
{"level":"warn","message":{"URL":"/styles.css","method":"GET"}}
{"level":"warn","message":{"URL":"/client.js","method":"GET"}}
{"level":"warn","message":{"URL":"/styles.css","method":"GET"}}
{"level":"warn","message":{"URL":"/client.js","method":"GET"}}
{"level":"warn","message":{"URL":"/styles.css","method":"GET"}}
{"level":"warn","message":{"URL":"/client.js","method":"GET"}}
{"level":"warn","message":{"URL":"/client.js","method":"GET"}}
{"level":"warn","message":{"URL":"/styles.css","method":"GET"}}
{"level":"warn","message":{"URL":"/styles.css","method":"GET"}}
{"level":"warn","message":{"URL":"/client.js","method":"GET"}}
{"level":"warn","message":{"URL":"/styles.css","method":"GET"}}
{"level":"warn","message":{"URL":"/styles.css","method":"GET"}}
{"level":"warn","message":{"URL":"/client.js","method":"GET"}}
{"level":"warn","message":{"URL":"/styles.css","method":"GET"}}
{"level":"warn","message":{"URL":"/client.js","method":"GET"}}
{"level":"warn","message":{"URL":"/styles.css","method":"GET"}}
{"level":"warn","message":{"URL":"/client.js","method":"GET"}}
{"level":"warn","message":{"URL":"/client.js","method":"GET"}}
{"level":"warn","message":{"URL":"/styles.css","method":"GET"}}
{"level":"warn","message":{"URL":"/favicon.ico","method":"GET"}}
{"level":"warn","message":{"URL":"/styles.css","method":"GET"}}
{"level":"warn","message":{"URL":"/client.js","method":"GET"}}
